CapstoneDesign_Remo/app/build/outputs/logs/manifest-merger-debug-report.txt
-- Merging decision tree log ---
manifest
ADDED from src\main\AndroidManifest.xml:2:1-99:12
	package
		ADDED from src\main\AndroidManifest.xml:4:5-53
		INJECTED from src\main\AndroidManifest.xml
		INJECTED from src\main\AndroidManifest.xml
	android:versionName
		INJECTED from src\main\AndroidManifest.xml
		INJECTED from src\main\AndroidManifest.xml
	xmlns:tools
		ADDED from src\main\AndroidManifest.xml:3:5-51
	xmlns:android
		ADDED from src\main\AndroidManifest.xml:2:11-69
	android:versionCode
		INJECTED from src\main\AndroidManifest.xml
		INJECTED from src\main\AndroidManifest.xml
uses-feature#android.hardware.camera
ADDED from src\main\AndroidManifest.xml:7:5-60
MERGED from [com.flurgle:camerakit:0.9.17] AndroidManifest.xml:14:5-60
	android:name
		ADDED from src\main\AndroidManifest.xml:7:19-57
uses-feature#android.hardware.location.gps
ADDED from src\main\AndroidManifest.xml:8:5-66
	android:name
		ADDED from src\main\AndroidManifest.xml:8:19-63
uses-permission#android.permission.CAMERA
ADDED from src\main\AndroidManifest.xml:11:5-65
MERGED from [com.flurgle:camerakit:0.9.17] AndroidManifest.xml:11:5-65
	android:name
		ADDED from src\main\AndroidManifest.xml:11:22-62
uses-permission#android.permission.INTERNET
ADDED from src\main\AndroidManifest.xml:14:5-67
MERGED from [com.koushikdutta.ion:ion:2.2.0] AndroidManifest.xml:11:5-67
MERGED from [com.koushikdutta.async:androidasync:2.2.0] AndroidManifest.xml:11:5-67
	android:name
		ADDED from src\main\AndroidManifest.xml:14:22-64
uses-permission#android.permission.ACCESS_FINE_LOCATION
ADDED from src\main\AndroidManifest.xml:17:5-79
MERGED from [io.nlopez.smartlocation:library:3.3.1] AndroidManifest.xml:14:5-79
	android:name
		ADDED from src\main\AndroidManifest.xml:17:22-76
uses-permission#android.permission.ACCESS_COARSE_LOCATION
ADDED from src\main\AndroidManifest.xml:20:5-81
MERGED from [io.nlopez.smartlocation:library:3.3.1] AndroidManifest.xml:12:5-81
	android:name
		ADDED from src\main\AndroidManifest.xml:20:22-78
uses-permission#android.permission.ACCESS_WIFI_STATE
ADDED from src\main\AndroidManifest.xml:23:5-76
	android:name
		ADDED from src\main\AndroidManifest.xml:23:22-73
uses-permission#android.permission.CHANGE_WIFI_STATE
ADDED from src\main\AndroidManifest.xml:26:5-76
	android:name
		ADDED from src\main\AndroidManifest.xml:26:22-73
uses-permission#android.permission.WRITE_EXTERNAL_STORAGE
ADDED from src\main\AndroidManifest.xml:29:5-81
	android:name
		ADDED from src\main\AndroidManifest.xml:29:22-78
uses-permission#android.permission.READ_EXTERNAL_STORAGE
ADDED from src\main\AndroidManifest.xml:30:5-80
	android:name
		ADDED from src\main\AndroidManifest.xml:30:22-77
uses-permission#android.hardware.camera.autofocus
ADDED from src\main\AndroidManifest.xml:31:5-73
	android:name
		ADDED from src\main\AndroidManifest.xml:31:22-70
uses-permission#android.permission.READ_PHONE_STATE
ADDED from src\main\AndroidManifest.xml:34:5-75
	android:name
		ADDED from src\main\AndroidManifest.xml:34:22-72
application
ADDED from src\main\AndroidManifest.xml:36:5-97:19
MERGED from [com.flurgle:camerakit:0.9.17] AndroidManifest.xml:25:5-20
MERGED from [com.android.support.constraint:constraint-layout:1.0.2] AndroidManifest.xml:9:5-20
MERGED from [com.naver.maps.open:naver-map-api:2.1.2] AndroidManifest.xml:11:5-14:19
MERGED from [gun0912.ted:tedpermission:1.0.3] AndroidManifest.xml:9:5-13:19
MERGED from [io.nlopez.smartlocation:library:3.3.1] AndroidManifest.xml:18:5-28:19
MERGED from [com.google.android.gms:play-services-location:10.2.0] AndroidManifest.xml:4:5-19
MERGED from [com.google.android.gms:play-services-base:10.2.0] AndroidManifest.xml:18:5-20:19
MERGED from [com.google.android.gms:play-services-tasks:10.2.0] AndroidManifest.xml:4:5-19
MERGED from [com.google.android.gms:play-services-basement:10.2.0] AndroidManifest.xml:19:5-21:19
MERGED from [com.koushikdutta.ion:ion:2.2.0] AndroidManifest.xml:13:5-14:19
MERGED from [com.koushikdutta.async:androidasync:2.2.0] AndroidManifest.xml:13:5-14:19
MERGED from [com.android.support:design:25.3.1] AndroidManifest.xml:29:5-20
MERGED from [com.android.support:appcompat-v7:25.3.1] AndroidManifest.xml:29:5-20
MERGED from [com.android.support:animated-vector-drawable:25.3.1] AndroidManifest.xml:26:5-20
MERGED from [com.android.support:support-vector-drawable:25.3.1] AndroidManifest.xml:26:5-20
MERGED from [com.android.support:transition:25.3.1] AndroidManifest.xml:26:5-20
MERGED from [com.android.support:support-v4:25.3.1] AndroidManifest.xml:29:5-20
MERGED from [com.android.support:support-fragment:25.3.1] AndroidManifest.xml:29:5-20
MERGED from [com.android.support:support-media-compat:25.3.1] AndroidManifest.xml:29:5-20
MERGED from [com.android.support:support-core-ui:25.3.1] AndroidManifest.xml:29:5-20
MERGED from [com.android.support:support-core-utils:25.3.1] AndroidManifest.xml:29:5-20
MERGED from [com.android.support:support-compat:25.3.1] AndroidManifest.xml:29:5-20
MERGED from [com.android.support:exifinterface:25.3.1] AndroidManifest.xml:26:5-20
	android:label
		ADDED from src\main\AndroidManifest.xml:40:9-41
	android:supportsRtl
		ADDED from src\main\AndroidManifest.xml:43:9-36
	android:hardwareAccelerated
		ADDED from src\main\AndroidManifest.xml:38:9-43
	android:roundIcon
		ADDED from src\main\AndroidManifest.xml:42:9-54
	android:allowBackup
		ADDED from src\main\AndroidManifest.xml:37:9-36
		REJECTED from [com.naver.maps.open:naver-map-api:2.1.2] AndroidManifest.xml:12:9-35
	android:icon
		ADDED from src\main\AndroidManifest.xml:39:9-43
	android:largeHeap
		ADDED from src\main\AndroidManifest.xml:41:9-33
	android:theme
		ADDED from src\main\AndroidManifest.xml:44:9-65
	tools:replace
		ADDED from src\main\AndroidManifest.xml:45:9-44
activity#com.imaginarywings.capstonedesign.remo.SplashActivity
ADDED from src\main\AndroidManifest.xml:47:9-53:20
	android:name
		ADDED from src\main\AndroidManifest.xml:48:13-43
intent-filter#android.intent.action.MAIN+android.intent.category.LAUNCHER
ADDED from src\main\AndroidManifest.xml:49:13-52:29
action#android.intent.action.MAIN
ADDED from src\main\AndroidManifest.xml:50:17-69
	android:name
		ADDED from src\main\AndroidManifest.xml:50:25-66
category#android.intent.category.LAUNCHER
ADDED from src\main\AndroidManifest.xml:51:17-77
	android:name
		ADDED from src\main\AndroidManifest.xml:51:27-74
activity#com.imaginarywings.capstonedesign.remo.MainActivity
ADDED from src\main\AndroidManifest.xml:55:9-58:20
	android:label
		ADDED from src\main\AndroidManifest.xml:57:13-33
	android:name
		ADDED from src\main\AndroidManifest.xml:56:13-41
activity#com.imaginarywings.capstonedesign.remo.PeopleActivity
ADDED from src\main\AndroidManifest.xml:60:9-62:38
	android:label
		ADDED from src\main\AndroidManifest.xml:62:13-35
	android:name
		ADDED from src\main\AndroidManifest.xml:61:13-43
activity#com.imaginarywings.capstonedesign.remo.LandscapeActivity
ADDED from src\main\AndroidManifest.xml:64:9-66:41
	android:label
		ADDED from src\main\AndroidManifest.xml:66:13-38
	android:name
		ADDED from src\main\AndroidManifest.xml:65:13-46
activity#com.imaginarywings.capstonedesign.remo.CameraActivity
ADDED from src\main\AndroidManifest.xml:68:9-71:66
	android:label
		ADDED from src\main\AndroidManifest.xml:70:13-35
	android:theme
		ADDED from src\main\AndroidManifest.xml:71:13-63
	android:name
		ADDED from src\main\AndroidManifest.xml:69:13-43
activity#com.imaginarywings.capstonedesign.remo.navermap.FragmentMapActivity
ADDED from src\main\AndroidManifest.xml:73:9-76:20
	android:label
		ADDED from src\main\AndroidManifest.xml:75:13-46
	android:name
		ADDED from src\main\AndroidManifest.xml:74:13-57
activity#com.imaginarywings.capstonedesign.remo.navermap.AddSpotActivity
ADDED from src\main\AndroidManifest.xml:78:9-80:47
	android:label
		ADDED from src\main\AndroidManifest.xml:80:13-44
	android:name
		ADDED from src\main\AndroidManifest.xml:79:13-53
activity#com.imaginarywings.capstonedesign.remo.navermap.AddSpotFragmentActivity
ADDED from src\main\AndroidManifest.xml:82:9-83:55
	android:label
		ADDED from src\main\AndroidManifest.xml:83:13-52
	android:name
		ADDED from src\main\AndroidManifest.xml:82:19-67
activity#com.imaginarywings.capstonedesign.remo.LocalSearchActivity
ADDED from src\main\AndroidManifest.xml:85:9-87:51
	android:label
		ADDED from src\main\AndroidManifest.xml:87:13-48
	android:name
		ADDED from src\main\AndroidManifest.xml:86:13-48
activity#com.imaginarywings.capstonedesign.remo.navermap.MyPhotospotActivity
ADDED from src\main\AndroidManifest.xml:89:9-91:51
	android:label
		ADDED from src\main\AndroidManifest.xml:91:13-48
	android:name
		ADDED from src\main\AndroidManifest.xml:90:13-57
activity#com.imaginarywings.capstonedesign.remo.TutorialActivity
ADDED from src\main\AndroidManifest.xml:93:9-95:48
	android:label
		ADDED from src\main\AndroidManifest.xml:95:13-45
	android:name
		ADDED from src\main\AndroidManifest.xml:94:13-45
uses-sdk
INJECTED from src\main\AndroidManifest.xml reason: use-sdk injection requested
MERGED from [com.flurgle:camerakit:0.9.17] AndroidManifest.xml:7:5-9:41
MERGED from [com.android.support.constraint:constraint-layout:1.0.2] AndroidManifest.xml:5:5-7:41
MERGED from [com.naver.maps.open:naver-map-api:2.1.2] AndroidManifest.xml:7:5-9:41
MERGED from [gun0912.ted:tedpermission:1.0.3] AndroidManifest.xml:5:5-7:41
MERGED from [com.jakewharton:butterknife:8.5.1] AndroidManifest.xml:5:5-43
MERGED from [io.nlopez.smartlocation:library:3.3.1] AndroidManifest.xml:8:5-10:41
MERGED from [com.google.android.gms:play-services-location:10.2.0] AndroidManifest.xml:3:5-43
MERGED from [com.google.android.gms:play-services-base:10.2.0] AndroidManifest.xml:17:5-43
MERGED from [com.google.android.gms:play-services-tasks:10.2.0] AndroidManifest.xml:3:5-43
MERGED from [com.google.android.gms:play-services-basement:10.2.0] AndroidManifest.xml:17:5-43
MERGED from [com.koushikdutta.ion:ion:2.2.0] AndroidManifest.xml:7:5-9:41
MERGED from [com.koushikdutta.async:androidasync:2.2.0] AndroidManifest.xml:7:5-9:41
MERGED from [com.android.support:design:25.3.1] AndroidManifest.xml:21:5-23:62
MERGED from [com.android.support:appcompat-v7:25.3.1] AndroidManifest.xml:21:5-23:78
MERGED from [com.android.support:animated-vector-drawable:25.3.1] AndroidManifest.xml:20:5-44
MERGED from [com.android.support:support-vector-drawable:25.3.1] AndroidManifest.xml:20:5-43
MERGED from [com.android.support:recyclerview-v7:25.3.1] AndroidManifest.xml:20:5-43
MERGED from [com.android.support:transition:25.3.1] AndroidManifest.xml:20:5-44
MERGED from [com.android.support:support-v4:25.3.1] AndroidManifest.xml:21:5-23:54
MERGED from [com.android.support:support-fragment:25.3.1] AndroidManifest.xml:21:5-23:60
MERGED from [com.android.support:support-media-compat:25.3.1] AndroidManifest.xml:21:5-23:63
MERGED from [com.android.support:support-core-ui:25.3.1] AndroidManifest.xml:21:5-23:58
MERGED from [com.android.support:support-core-utils:25.3.1] AndroidManifest.xml:21:5-23:61
MERGED from [com.android.support:support-compat:25.3.1] AndroidManifest.xml:21:5-23:58
MERGED from [com.android.support:exifinterface:25.3.1] AndroidManifest.xml:20:5-43
MERGED from [jp.wasabeef:glide-transformations:1.0.6] AndroidManifest.xml:8:5-10:41
	tools:overrideLibrary
		ADDED from [com.android.support:design:25.3.1] AndroidManifest.xml:23:9-59
	android:targetSdkVersion
		INJECTED from src\main\AndroidManifest.xml
		INJECTED from src\main\AndroidManifest.xml
	android:minSdkVersion
		INJECTED from src\main\AndroidManifest.xml
		INJECTED from src\main\AndroidManifest.xml
uses-permission#android.permission.RECORD_AUDIO
ADDED from [com.flurgle:camerakit:0.9.17] AndroidManifest.xml:12:5-71
	android:name
		ADDED from [com.flurgle:camerakit:0.9.17] AndroidManifest.xml:12:22-68
uses-feature#android.hardware.camera.autofocus
ADDED from [com.flurgle:camerakit:0.9.17] AndroidManifest.xml:15:5-17:36
	android:required
		ADDED from [com.flurgle:camerakit:0.9.17] AndroidManifest.xml:17:9-33
	android:name
		ADDED from [com.flurgle:camerakit:0.9.17] AndroidManifest.xml:16:9-57
uses-feature#android.hardware.camera.front
ADDED from [com.flurgle:camerakit:0.9.17] AndroidManifest.xml:18:5-20:36
	android:required
		ADDED from [com.flurgle:camerakit:0.9.17] AndroidManifest.xml:20:9-33
	android:name
		ADDED from [com.flurgle:camerakit:0.9.17] AndroidManifest.xml:19:9-53
uses-feature#android.hardware.microphone
ADDED from [com.flurgle:camerakit:0.9.17] AndroidManifest.xml:21:5-23:36
	android:required
		ADDED from [com.flurgle:camerakit:0.9.17] AndroidManifest.xml:23:9-33
	android:name
		ADDED from [com.flurgle:camerakit:0.9.17] AndroidManifest.xml:22:9-51
activity#com.gun0912.tedpermission.TedPermissionActivity
ADDED from [gun0912.ted:tedpermission:1.0.3] AndroidManifest.xml:10:9-12:56
	android:theme
		ADDED from [gun0912.ted:tedpermission:1.0.3] AndroidManifest.xml:12:13-53
	android:name
		ADDED from [gun0912.ted:tedpermission:1.0.3] AndroidManifest.xml:11:13-75
uses-permission#android.permission.ACCESS_NETWORK_STATE
ADDED from [io.nlopez.smartlocation:library:3.3.1] AndroidManifest.xml:13:5-79
	android:name
		ADDED from [io.nlopez.smartlocation:library:3.3.1] AndroidManifest.xml:13:22-76
uses-permission#com.google.android.providers.gsf.permission.READ_GSERVICES
ADDED from [io.nlopez.smartlocation:library:3.3.1] AndroidManifest.xml:15:5-98
	android:name
		ADDED from [io.nlopez.smartlocation:library:3.3.1] AndroidManifest.xml:15:22-95
uses-permission#com.google.android.gms.permission.ACTIVITY_RECOGNITION
ADDED from [io.nlopez.smartlocation:library:3.3.1] AndroidManifest.xml:16:5-94
	android:name
		ADDED from [io.nlopez.smartlocation:library:3.3.1] AndroidManifest.xml:16:22-91
service#io.nlopez.smartlocation.activity.providers.ActivityGooglePlayServicesProvider$ActivityRecognitionService
ADDED from [io.nlopez.smartlocation:library:3.3.1] AndroidManifest.xml:19:9-21:40
	android:exported
		ADDED from [io.nlopez.smartlocation:library:3.3.1] AndroidManifest.xml:21:13-37
	android:name
		ADDED from [io.nlopez.smartlocation:library:3.3.1] AndroidManifest.xml:20:13-132
service#io.nlopez.smartlocation.geofencing.providers.GeofencingGooglePlayServicesProvider$GeofencingService
ADDED from [io.nlopez.smartlocation:library:3.3.1] AndroidManifest.xml:22:9-24:40
	android:exported
		ADDED from [io.nlopez.smartlocation:library:3.3.1] AndroidManifest.xml:24:13-37
	android:name
		ADDED from [io.nlopez.smartlocation:library:3.3.1] AndroidManifest.xml:23:13-127
service#io.nlopez.smartlocation.geocoding.providers.AndroidGeocodingProvider$AndroidGeocodingService
ADDED from [io.nlopez.smartlocation:library:3.3.1] AndroidManifest.xml:25:9-27:40
	android:exported
		ADDED from [io.nlopez.smartlocation:library:3.3.1] AndroidManifest.xml:27:13-37
	android:name
		ADDED from [io.nlopez.smartlocation:library:3.3.1] AndroidManifest.xml:26:13-120
activity#com.google.android.gms.common.api.GoogleApiActivity
ADDED from [com.google.android.gms:play-services-base:10.2.0] AndroidManifest.xml:19:9-172
	android:exported
		ADDED from [com.google.android.gms:play-services-base:10.2.0] AndroidManifest.xml:19:146-170
	android:theme
		ADDED from [com.google.android.gms:play-services-base:10.2.0] AndroidManifest.xml:19:86-145
	android:name
		ADDED from [com.google.android.gms:play-services-base:10.2.0] AndroidManifest.xml:19:19-85
meta-data#com.google.android.gms.version
ADDED from [com.google.android.gms:play-services-basement:10.2.0] AndroidManifest.xml:20:9-121
	android:value
		ADDED from [com.google.android.gms:play-services-basement:10.2.0] AndroidManifest.xml:20:66-119
	android:name
		ADDED from [com.google.android.gms:play-services-basement:10.2.0] AndroidManifest.xml:20:20-65
meta-data#android.support.VERSION
ADDED from [com.android.support:design:25.3.1] AndroidManifest.xml:25:5-27:34
MERGED from [com.android.support:appcompat-v7:25.3.1] AndroidManifest.xml:25:5-27:34
MERGED from [com.android.support:animated-vector-drawable:25.3.1] AndroidManifest.xml:22:5-24:34
MERGED from [com.android.support:support-vector-drawable:25.3.1] AndroidManifest.xml:22:5-24:34
MERGED from [com.android.support:recyclerview-v7:25.3.1] AndroidManifest.xml:22:5-24:34
MERGED from [com.android.support:transition:25.3.1] AndroidManifest.xml:22:5-24:34
MERGED from [com.android.support:support-v4:25.3.1] AndroidManifest.xml:25:5-27:34
MERGED from [com.android.support:support-fragment:25.3.1] AndroidManifest.xml:25:5-27:34
MERGED from [com.android.support:support-media-compat:25.3.1] AndroidManifest.xml:25:5-27:34
MERGED from [com.android.support:support-core-ui:25.3.1] AndroidManifest.xml:25:5-27:34
MERGED from [com.android.support:support-core-utils:25.3.1] AndroidManifest.xml:25:5-27:34
MERGED from [com.android.support:support-compat:25.3.1] AndroidManifest.xml:25:5-27:34
MERGED from [com.android.support:exifinterface:25.3.1] AndroidManifest.xml:22:5-24:34
	android:value
		ADDED from [com.android.support:design:25.3.1] AndroidManifest.xml:27:9-31
	android:name
		ADDED from [com.android.support:design:25.3.1] AndroidManifest.xml:26:9-47